<?xml version="1.0" encoding="UTF-8"?>
<!-- Generated by org.testng.reporters.JUnitReportReporter -->
<testsuite skipped="0" hostname="Knila5-PC" name="knila.thedal.ExecuteClass" tests="1" failures="0" timestamp="17 May 2018 08:24:54 GMT" time="918.519" errors="0">
  <testcase name="StartTest" time="918.519" classname="knila.thedal.ExecuteClass"/>
</testsuite> <!-- knila.thedal.ExecuteClass -->
