<?xml version="1.0" encoding="UTF-8"?>
<!-- Generated by org.testng.reporters.JUnitReportReporter -->
<testsuite hostname="DESKTOP-JG20S52" failures="0" tests="1" name="knila.thedal.ExecuteClass" time="201.744" errors="0" timestamp="01 May 2018 14:34:08 GMT" skipped="0">
  <testcase classname="knila.thedal.ExecuteClass" name="StartTest" time="201.744"/>
</testsuite> <!-- knila.thedal.ExecuteClass -->
